<?xml version="1.0" encoding="UTF-8"?>
<testsuite xmlns:xsi="http://www.w3.org/2001/XMLSchema-instance" xsi:noNamespaceSchemaLocation="https://maven.apache.org/surefire/maven-surefire-plugin/xsd/surefire-test-report.xsd" version="3.0.2" name="birthdaycardapp.birthdaycard.BirthdayCardControllerTests" time="0.44" tests="1" errors="0" skipped="0" failures="0" flakes="0">
  <properties>
[...]
</properties>
  <testcase name="cardEndpointReturnsPersonalizedData" classname="birthdaycardapp.birthdaycard.BirthdayCardControllerTests" time="0.18">
    <system-out><![CDATA[2026-03-29T17:00:00.647+09:00  INFO 14276 --- [BirthdayCard] [           main] t.c.s.AnnotationConfigContextLoaderUtils : Could not detect default configuration classes for test class [birthdaycardapp.birthdaycard.BirthdayCardControllerTests]: BirthdayCardControllerTests does not declare any static, non-private, non-final, nested classes annotated with @Configuration.
2026-03-29T17:00:00.667+09:00  INFO 14276 --- [BirthdayCard] [           main] .b.t.c.SpringBootTestContextBootstrapper : Found @SpringBootConfiguration birthdaycardapp.birthdaycard.BirthdayCardApplication for test class birthdaycardapp.birthdaycard.BirthdayCardControllerTests
2026-03-29T17:00:00.668+09:00  INFO 14276 --- [BirthdayCard] [           main] t.c.s.AnnotationConfigContextLoaderUtils : Could not detect default configuration classes for test class [birthdaycardapp.birthdaycard.BirthdayCardControllerTests]: BirthdayCardControllerTests does not declare any static, non-private, non-final, nested classes annotated with @Configuration.
2026-03-29T17:00:00.680+09:00  INFO 14276 --- [BirthdayCard] [           main] .b.t.c.SpringBootTestContextBootstrapper : Found @SpringBootConfiguration birthdaycardapp.birthdaycard.BirthdayCardApplication for test class birthdaycardapp.birthdaycard.BirthdayCardControllerTests
2026-03-29T17:00:00.686+09:00  INFO 14276 --- [BirthdayCard] [           main] o.s.b.d.r.RestartApplicationListener     : Restart disabled due to context in which it is running

  .   ____          _            __ _ _
 /\\ / ___'_ __ _ _(_)_ __  __ _ \ \ \ \
( ( )\___ | '_ | '_| | '_ \/ _` | \ \ \ \
 \\/  ___)| |_)| | | | | || (_| |  ) ) ) )
  '  |____| .__|_| |_|_| |_\__, | / / / /
 =========|_|==============|___/=/_/_/_/

 :: Spring Boot ::                (v4.0.5)

2026-03-29T17:00:00.713+09:00  INFO 14276 --- [BirthdayCard] [           main] b.b.BirthdayCardControllerTests          : Starting BirthdayCardControllerTests using Java 20.0.2 with PID 14276 (started by green in E:\BirthdayCardIntelliJ\BirthdayCard)
2026-03-29T17:00:00.713+09:00  INFO 14276 --- [BirthdayCard] [           main] b.b.BirthdayCardControllerTests          : No active profile set, falling back to 1 default profile: "default"
2026-03-29T17:00:00.835+09:00  INFO 14276 --- [BirthdayCard] [           main] o.s.b.w.a.WelcomePageHandlerMapping      : Adding welcome page: class path resource [static/index.html]
2026-03-29T17:00:00.883+09:00  INFO 14276 --- [BirthdayCard] [           main] o.s.b.t.m.w.SpringBootMockServletContext : Initializing Spring TestDispatcherServlet ''
2026-03-29T17:00:00.883+09:00  INFO 14276 --- [BirthdayCard] [           main] o.s.t.web.servlet.TestDispatcherServlet  : Initializing Servlet ''
2026-03-29T17:00:00.885+09:00  INFO 14276 --- [BirthdayCard] [           main] o.s.t.web.servlet.TestDispatcherServlet  : Completed initialization in 1 ms
2026-03-29T17:00:00.896+09:00  INFO 14276 --- [BirthdayCard] [           main] b.b.BirthdayCardControllerTests          : Started BirthdayCardControllerTests in 0.21 seconds (process running for 3.1)
]]></system-out>
  </testcase>
</testsuite>